<?xml version="1.0" encoding="UTF-8"?>
<!-- Generated by org.testng.reporters.JUnitXMLReporter -->
<testsuite ignored="9" hostname="E502168" failures="0" tests="1" name="Default test" time="10.361" errors="0" timestamp="2025-05-21T11:28:20 IST">
  <testcase classname="org.blazedemo.testcases.BlazeDemoTestCase" name="tc12a" time="8.806"/>
  <testcase classname="org.blazedemo.testcases.BlazeDemoTestCase" name="tc08" time="0.0">
    <ignored/>
  </testcase> <!-- tc08 -->
  <testcase classname="org.blazedemo.testcases.BlazeDemoTestCase" name="tc03" time="0.0">
    <ignored/>
  </testcase> <!-- tc03 -->
  <testcase classname="org.blazedemo.testcases.BlazeDemoTestCase" name="tc02" time="0.0">
    <ignored/>
  </testcase> <!-- tc02 -->
  <testcase classname="org.blazedemo.testcases.BlazeDemoTestCase" name="tc01" time="0.0">
    <ignored/>
  </testcase> <!-- tc01 -->
  <testcase classname="org.blazedemo.testcases.BlazeDemoTestCase" name="tc11" time="0.0">
    <ignored/>
  </testcase> <!-- tc11 -->
  <testcase classname="org.blazedemo.testcases.BlazeDemoTestCase" name="tc07" time="0.0">
    <ignored/>
  </testcase> <!-- tc07 -->
  <testcase classname="org.blazedemo.testcases.BlazeDemoTestCase" name="tc06" time="0.0">
    <ignored/>
  </testcase> <!-- tc06 -->
  <testcase classname="org.blazedemo.testcases.BlazeDemoTestCase" name="tc05" time="0.0">
    <ignored/>
  </testcase> <!-- tc05 -->
  <testcase classname="org.blazedemo.testcases.BlazeDemoTestCase" name="tc04" time="0.0">
    <ignored/>
  </testcase> <!-- tc04 -->
</testsuite> <!-- Default test -->
