<?xml version="1.0" encoding="UTF-8"?>
<!-- Generated by org.testng.reporters.JUnitXMLReporter -->
<testsuite ignored="0" hostname="E502168" failures="0" tests="10" name="Test" time="44.867" errors="0" timestamp="2025-05-21T19:52:08 IST">
  <testcase classname="org.blazedemo.testcases.BlazeDemoTestCase" name="tc01" time="1.253"/>
  <testcase classname="org.blazedemo.testcases.BlazeDemoTestCase" name="tc02" time="1.26"/>
  <testcase classname="org.blazedemo.testcases.BlazeDemoTestCase" name="tc03" time="1.287"/>
  <testcase classname="org.blazedemo.testcases.BlazeDemoTestCase" name="tc04" time="1.907"/>
  <testcase classname="org.blazedemo.testcases.BlazeDemoTestCase" name="tc05" time="2.501"/>
  <testcase classname="org.blazedemo.testcases.BlazeDemoTestCase" name="tc06" time="3.511"/>
  <testcase classname="org.blazedemo.testcases.BlazeDemoTestCase" name="tc07" time="3.152"/>
  <testcase classname="org.blazedemo.testcases.BlazeDemoTestCase" name="tc08" time="3.863"/>
  <testcase classname="org.blazedemo.testcases.BlazeDemoTestCase" name="tc11" time="3.905"/>
  <testcase classname="org.blazedemo.testcases.BlazeDemoTestCase" name="tc12" time="7.583"/>
</testsuite> <!-- Test -->
