<?xml version="1.0" encoding="UTF-8"?>
<testng-results ignored="0" total="10" passed="10" failed="0" skipped="0">
  <reporter-output>
  </reporter-output>
  <suite started-at="2025-05-21T19:51:23 IST" name="Suite" finished-at="2025-05-21T19:52:08 IST" duration-ms="44867">
    <groups>
    </groups>
    <test started-at="2025-05-21T19:51:23 IST" name="Test" finished-at="2025-05-21T19:52:08 IST" duration-ms="44867">
      <class name="org.blazedemo.testcases.BlazeDemoTestCase">
        <test-method is-config="true" signature="browser()[pri:0, instance:org.blazedemo.testcases.BlazeDemoTestCase@3eb25e1a]" started-at="2025-05-21T19:51:23 IST" name="browser" finished-at="2025-05-21T19:51:26 IST" duration-ms="2754" status="PASS">
          <reporter-output>
          </reporter-output>
        </test-method> <!-- browser -->
        <test-method signature="tc01()[pri:1, instance:org.blazedemo.testcases.BlazeDemoTestCase@3eb25e1a]" started-at="2025-05-21T19:51:26 IST" name="tc01" finished-at="2025-05-21T19:51:27 IST" duration-ms="1253" status="PASS">
          <reporter-output>
          </reporter-output>
        </test-method> <!-- tc01 -->
        <test-method is-config="true" signature="browser()[pri:0, instance:org.blazedemo.testcases.BlazeDemoTestCase@3eb25e1a]" started-at="2025-05-21T19:51:27 IST" name="browser" finished-at="2025-05-21T19:51:28 IST" duration-ms="1007" status="PASS">
          <reporter-output>
          </reporter-output>
        </test-method> <!-- browser -->
        <test-method signature="tc02()[pri:2, instance:org.blazedemo.testcases.BlazeDemoTestCase@3eb25e1a]" started-at="2025-05-21T19:51:28 IST" name="tc02" finished-at="2025-05-21T19:51:30 IST" duration-ms="1260" status="PASS">
          <reporter-output>
          </reporter-output>
        </test-method> <!-- tc02 -->
        <test-method is-config="true" signature="browser()[pri:0, instance:org.blazedemo.testcases.BlazeDemoTestCase@3eb25e1a]" started-at="2025-05-21T19:51:30 IST" name="browser" finished-at="2025-05-21T19:51:31 IST" duration-ms="1028" status="PASS">
          <reporter-output>
          </reporter-output>
        </test-method> <!-- browser -->
        <test-method signature="tc03()[pri:3, instance:org.blazedemo.testcases.BlazeDemoTestCase@3eb25e1a]" started-at="2025-05-21T19:51:31 IST" name="tc03" finished-at="2025-05-21T19:51:32 IST" duration-ms="1287" status="PASS">
          <reporter-output>
          </reporter-output>
        </test-method> <!-- tc03 -->
        <test-method is-config="true" signature="browser()[pri:0, instance:org.blazedemo.testcases.BlazeDemoTestCase@3eb25e1a]" started-at="2025-05-21T19:51:33 IST" name="browser" finished-at="2025-05-21T19:51:34 IST" duration-ms="1072" status="PASS">
          <reporter-output>
          </reporter-output>
        </test-method> <!-- browser -->
        <test-method signature="tc04(java.lang.String,java.lang.String)[pri:4, instance:org.blazedemo.testcases.BlazeDemoTestCase@3eb25e1a]" started-at="2025-05-21T19:51:34 IST" name="tc04" data-provider="dropdownflight" finished-at="2025-05-21T19:51:36 IST" duration-ms="1907" status="PASS">
          <params>
            <param index="0">
              <value>
                <![CDATA[Portland]]>
              </value>
            </param>
            <param index="1">
              <value>
                <![CDATA[Dublin]]>
              </value>
            </param>
          </params>
          <reporter-output>
          </reporter-output>
        </test-method> <!-- tc04 -->
        <test-method is-config="true" signature="browser()[pri:0, instance:org.blazedemo.testcases.BlazeDemoTestCase@3eb25e1a]" started-at="2025-05-21T19:51:36 IST" name="browser" finished-at="2025-05-21T19:51:37 IST" duration-ms="1054" status="PASS">
          <reporter-output>
          </reporter-output>
        </test-method> <!-- browser -->
        <test-method signature="tc05(java.lang.String,java.lang.String,java.lang.String)[pri:5, instance:org.blazedemo.testcases.BlazeDemoTestCase@3eb25e1a]" started-at="2025-05-21T19:51:37 IST" name="tc05" data-provider="chooseflight" finished-at="2025-05-21T19:51:39 IST" duration-ms="2501" status="PASS">
          <params>
            <param index="0">
              <value>
                <![CDATA[Portland]]>
              </value>
            </param>
            <param index="1">
              <value>
                <![CDATA[Dublin]]>
              </value>
            </param>
            <param index="2">
              <value>
                <![CDATA[12]]>
              </value>
            </param>
          </params>
          <reporter-output>
          </reporter-output>
        </test-method> <!-- tc05 -->
        <test-method is-config="true" signature="browser()[pri:0, instance:org.blazedemo.testcases.BlazeDemoTestCase@3eb25e1a]" started-at="2025-05-21T19:51:39 IST" name="browser" finished-at="2025-05-21T19:51:41 IST" duration-ms="1238" status="PASS">
          <reporter-output>
          </reporter-output>
        </test-method> <!-- browser -->
        <test-method signature="tc06(java.lang.String,java.lang.String,java.lang.String,java.lang.String,java.lang.String,java.lang.String,java.lang.String,java.lang.String,java.lang.String,java.lang.String,java.lang.String,java.lang.String,java.lang.String)[pri:6, instance:org.blazedemo.testcases.BlazeDemoTestCase@3eb25e1a]" started-at="2025-05-21T19:51:41 IST" name="tc06" data-provider="bookflight" finished-at="2025-05-21T19:51:44 IST" duration-ms="3511" status="PASS">
          <params>
            <param index="0">
              <value>
                <![CDATA[Portland]]>
              </value>
            </param>
            <param index="1">
              <value>
                <![CDATA[Dublin]]>
              </value>
            </param>
            <param index="2">
              <value>
                <![CDATA[12]]>
              </value>
            </param>
            <param index="3">
              <value>
                <![CDATA[Jon]]>
              </value>
            </param>
            <param index="4">
              <value>
                <![CDATA[52, Side Street]]>
              </value>
            </param>
            <param index="5">
              <value>
                <![CDATA[Portland]]>
              </value>
            </param>
            <param index="6">
              <value>
                <![CDATA[Oregon]]>
              </value>
            </param>
            <param index="7">
              <value>
                <![CDATA[78963]]>
              </value>
            </param>
            <param index="8">
              <value>
                <![CDATA[Diner's Club]]>
              </value>
            </param>
            <param index="9">
              <value>
                <![CDATA[1234 5678 1234 7896]]>
              </value>
            </param>
            <param index="10">
              <value>
                <![CDATA[10]]>
              </value>
            </param>
            <param index="11">
              <value>
                <![CDATA[2030]]>
              </value>
            </param>
            <param index="12">
              <value>
                <![CDATA[Jon Targ]]>
              </value>
            </param>
          </params>
          <reporter-output>
          </reporter-output>
        </test-method> <!-- tc06 -->
        <test-method is-config="true" signature="browser()[pri:0, instance:org.blazedemo.testcases.BlazeDemoTestCase@3eb25e1a]" started-at="2025-05-21T19:51:44 IST" name="browser" finished-at="2025-05-21T19:51:45 IST" duration-ms="1015" status="PASS">
          <reporter-output>
          </reporter-output>
        </test-method> <!-- browser -->
        <test-method signature="tc07(java.lang.String,java.lang.String,java.lang.String)[pri:7, instance:org.blazedemo.testcases.BlazeDemoTestCase@3eb25e1a]" started-at="2025-05-21T19:51:45 IST" name="tc07" data-provider="chooseflight" finished-at="2025-05-21T19:51:48 IST" duration-ms="3152" status="PASS">
          <params>
            <param index="0">
              <value>
                <![CDATA[Portland]]>
              </value>
            </param>
            <param index="1">
              <value>
                <![CDATA[Dublin]]>
              </value>
            </param>
            <param index="2">
              <value>
                <![CDATA[12]]>
              </value>
            </param>
          </params>
          <reporter-output>
          </reporter-output>
        </test-method> <!-- tc07 -->
        <test-method is-config="true" signature="browser()[pri:0, instance:org.blazedemo.testcases.BlazeDemoTestCase@3eb25e1a]" started-at="2025-05-21T19:51:49 IST" name="browser" finished-at="2025-05-21T19:51:50 IST" duration-ms="1108" status="PASS">
          <reporter-output>
          </reporter-output>
        </test-method> <!-- browser -->
        <test-method signature="tc08(java.lang.String,java.lang.String,java.lang.String)[pri:8, instance:org.blazedemo.testcases.BlazeDemoTestCase@3eb25e1a]" started-at="2025-05-21T19:51:50 IST" name="tc08" data-provider="chooseflight" finished-at="2025-05-21T19:51:54 IST" duration-ms="3863" status="PASS">
          <params>
            <param index="0">
              <value>
                <![CDATA[Portland]]>
              </value>
            </param>
            <param index="1">
              <value>
                <![CDATA[Dublin]]>
              </value>
            </param>
            <param index="2">
              <value>
                <![CDATA[12]]>
              </value>
            </param>
          </params>
          <reporter-output>
          </reporter-output>
        </test-method> <!-- tc08 -->
        <test-method is-config="true" signature="browser()[pri:0, instance:org.blazedemo.testcases.BlazeDemoTestCase@3eb25e1a]" started-at="2025-05-21T19:51:54 IST" name="browser" finished-at="2025-05-21T19:51:55 IST" duration-ms="1597" status="PASS">
          <reporter-output>
          </reporter-output>
        </test-method> <!-- browser -->
        <test-method signature="tc11(java.lang.String,java.lang.String,java.lang.String,java.lang.String,java.lang.String,java.lang.String,java.lang.String,java.lang.String,java.lang.String,java.lang.String,java.lang.String,java.lang.String,java.lang.String)[pri:9, instance:org.blazedemo.testcases.BlazeDemoTestCase@3eb25e1a]" started-at="2025-05-21T19:51:55 IST" name="tc11" data-provider="bookflight" finished-at="2025-05-21T19:51:59 IST" duration-ms="3905" status="PASS">
          <params>
            <param index="0">
              <value>
                <![CDATA[Portland]]>
              </value>
            </param>
            <param index="1">
              <value>
                <![CDATA[Dublin]]>
              </value>
            </param>
            <param index="2">
              <value>
                <![CDATA[12]]>
              </value>
            </param>
            <param index="3">
              <value>
                <![CDATA[Jon]]>
              </value>
            </param>
            <param index="4">
              <value>
                <![CDATA[52, Side Street]]>
              </value>
            </param>
            <param index="5">
              <value>
                <![CDATA[Portland]]>
              </value>
            </param>
            <param index="6">
              <value>
                <![CDATA[Oregon]]>
              </value>
            </param>
            <param index="7">
              <value>
                <![CDATA[78963]]>
              </value>
            </param>
            <param index="8">
              <value>
                <![CDATA[Diner's Club]]>
              </value>
            </param>
            <param index="9">
              <value>
                <![CDATA[1234 5678 1234 7896]]>
              </value>
            </param>
            <param index="10">
              <value>
                <![CDATA[10]]>
              </value>
            </param>
            <param index="11">
              <value>
                <![CDATA[2030]]>
              </value>
            </param>
            <param index="12">
              <value>
                <![CDATA[Jon Targ]]>
              </value>
            </param>
          </params>
          <reporter-output>
          </reporter-output>
        </test-method> <!-- tc11 -->
        <test-method is-config="true" signature="browser()[pri:0, instance:org.blazedemo.testcases.BlazeDemoTestCase@3eb25e1a]" started-at="2025-05-21T19:51:59 IST" name="browser" finished-at="2025-05-21T19:52:00 IST" duration-ms="1079" status="PASS">
          <reporter-output>
          </reporter-output>
        </test-method> <!-- browser -->
        <test-method signature="tc12()[pri:10, instance:org.blazedemo.testcases.BlazeDemoTestCase@3eb25e1a]" started-at="2025-05-21T19:52:00 IST" name="tc12" finished-at="2025-05-21T19:52:08 IST" duration-ms="7583" status="PASS">
          <reporter-output>
          </reporter-output>
        </test-method> <!-- tc12 -->
      </class> <!-- org.blazedemo.testcases.BlazeDemoTestCase -->
    </test> <!-- Test -->
  </suite> <!-- Suite -->
</testng-results>
